#
# A fatal error has been detected by the Java Runtime Environment:
#
#  EXCEPTION_ACCESS_VIOLATION (0xc0000005) at pc=0x0000000071b68f45, pid=9336, tid=6444
#
# JRE version: Java(TM) SE Runtime Environment (8.0_91-b14) (build 1.8.0_91-b14)
# Java VM: Java HotSpot(TM) 64-Bit Server VM (25.91-b14 mixed mode windows-amd64 compressed oops)
# Problematic frame:
# V  [jvm.dll+0x128f45]
#
# Failed to write core dump. Minidumps are not enabled by default on client versions of Windows
#
# If you would like to submit a bug report, please visit:
#   http://bugreport.java.com/bugreport/crash.jsp
#

---------------  T H R E A D  ---------------

Current thread (0x0000000016d88000):  JavaThread "JDWP Transport Listener: dt_socket" daemon [_thread_in_vm, id=6444, stack(0x00000000183b0000,0x00000000184b0000)]

siginfo: ExceptionCode=0xc0000005, reading address 0xffffffffffffffff

Registers:
RAX=0x00000000184af901, RBX=0x0000000016d88000, RCX=0x003b003b74003b00, RDX=0x0000000000000000
RSP=0x00000000184af910, RBP=0x003b003b74003b00, RSI=0x00000000184afa28, RDI=0x0000000001fb83d0
R8 =0x0000000016d88000, R9 =0x0000000000000000, R10=0x0000000000000000, R11=0x0000000000000064
R12=0x0000000000000000, R13=0x0000000016d91188, R14=0x0000000000000000, R15=0x0000000000000000
RIP=0x0000000071b68f45, EFLAGS=0x0000000000010206

Top of Stack: (sp=0x00000000184af910)
0x00000000184af910:   0000000016d88000 0000000016d88000
0x00000000184af920:   00000000184af9d8 0000000071d6f32b
0x00000000184af930:   0000000016d88000 0000000071d8bb8d
0x00000000184af940:   0000000000000000 00000000729f9155
0x00000000184af950:   0000000018da98b8 0000000072a0291e
0x00000000184af960:   0000000016d88000 0000000000000000
0x00000000184af970:   0000000000000000 0000000000000000
0x00000000184af980:   003b003b74003b00 0000000072a01a15
0x00000000184af990:   00000000184afa28 00000000184afa00
0x00000000184af9a0:   0000000000000001 0000000018da98b8
0x00000000184af9b0:   003b003b74003b00 00000000729e53b3
0x00000000184af9c0:   00000000184afaf0 0000000000000001
0x00000000184af9d0:   0000000000000001 0000000018da98b8
0x00000000184af9e0:   000000000000000a 0000000000000000
0x00000000184af9f0:   0000000000000000 0000000000000000
0x00000000184afa00:   0000000000000001 00000000729e5571 

Instructions: (pc=0x0000000071b68f45)
0x0000000071b68f25:   cc cc cc cc cc cc cc cc cc cc cc 48 83 ec 28 48
0x0000000071b68f35:   85 c9 75 07 33 c0 48 83 c4 28 c3 48 89 5c 24 20
0x0000000071b68f45:   48 8b 19 48 85 db 74 20 48 83 fb 37 74 1a 48 8b
0x0000000071b68f55:   13 48 8b cb ff 52 10 84 c0 74 0d 48 8b c3 48 8b 


Register to memory mapping:

RAX=0x00000000184af901 is pointing into the stack for thread: 0x0000000016d88000
RBX=0x0000000016d88000 is a thread
RCX=0x003b003b74003b00 is an unknown value
RDX=0x0000000000000000 is an unknown value
RSP=0x00000000184af910 is pointing into the stack for thread: 0x0000000016d88000
RBP=0x003b003b74003b00 is an unknown value
RSI=0x00000000184afa28 is pointing into the stack for thread: 0x0000000016d88000
RDI=0x0000000001fb83d0 is an unknown value
R8 =0x0000000016d88000 is a thread
R9 =0x0000000000000000 is an unknown value
R10=0x0000000000000000 is an unknown value
R11=0x0000000000000064 is an unknown value
R12=0x0000000000000000 is an unknown value
R13=0x0000000016d91188 is an unknown value
R14=0x0000000000000000 is an unknown value
R15=0x0000000000000000 is an unknown value


Stack: [0x00000000183b0000,0x00000000184b0000],  sp=0x00000000184af910,  free space=1022k
Native frames: (J=compiled Java code, j=interpreted, Vv=VM code, C=native code)
V  [jvm.dll+0x128f45]
V  [jvm.dll+0x34bb8d]
C  [jdwp.dll+0x21a15]
C  [jdwp.dll+0x53b3]
C  [jdwp.dll+0x5571]
C  [jdwp.dll+0xf0a8]
C  [jdwp.dll+0x1f2d5]
C  [jdwp.dll+0x1f4aa]
V  [jvm.dll+0x1bbf38]
V  [jvm.dll+0x243ae4]
V  [jvm.dll+0x29a99a]
C  [msvcr100.dll+0x21d9f]
C  [msvcr100.dll+0x21e3b]
C  [KERNEL32.DLL+0x18102]
C  [ntdll.dll+0x5c5b4]


---------------  P R O C E S S  ---------------

Java Threads: ( => current thread )
  0x0000000018da6000 JavaThread "Service Thread" daemon [_thread_blocked, id=3684, stack(0x0000000019160000,0x0000000019260000)]
  0x0000000016dad000 JavaThread "C1 CompilerThread2" daemon [_thread_blocked, id=8528, stack(0x0000000018c60000,0x0000000018d60000)]
  0x0000000016dab800 JavaThread "C2 CompilerThread1" daemon [_thread_blocked, id=3768, stack(0x0000000018b60000,0x0000000018c60000)]
  0x0000000016da7800 JavaThread "C2 CompilerThread0" daemon [_thread_blocked, id=4424, stack(0x0000000018a60000,0x0000000018b60000)]
  0x0000000016d96800 JavaThread "JDWP Command Reader" daemon [_thread_in_native, id=6904, stack(0x0000000018960000,0x0000000018a60000)]
  0x0000000016d95800 JavaThread "JDWP Event Helper Thread" daemon [_thread_blocked, id=1552, stack(0x0000000018860000,0x0000000018960000)]
=>0x0000000016d88000 JavaThread "JDWP Transport Listener: dt_socket" daemon [_thread_in_vm, id=6444, stack(0x00000000183b0000,0x00000000184b0000)]
  0x0000000016d7c800 JavaThread "Attach Listener" daemon [_thread_blocked, id=4196, stack(0x00000000182b0000,0x00000000183b0000)]
  0x0000000016d7b800 JavaThread "Signal Dispatcher" daemon [_thread_blocked, id=8184, stack(0x00000000181b0000,0x00000000182b0000)]
  0x0000000016d6a800 JavaThread "Finalizer" daemon [_thread_blocked, id=4656, stack(0x0000000017fd0000,0x00000000180d0000)]
  0x00000000021f2000 JavaThread "Reference Handler" daemon [_thread_blocked, id=4716, stack(0x0000000017ed0000,0x0000000017fd0000)]
  0x0000000001fbe000 JavaThread "main" [_thread_blocked, id=9976, stack(0x0000000002000000,0x0000000002100000)]

Other Threads:
  0x0000000016d47800 VMThread [stack: 0x0000000017dd0000,0x0000000017ed0000] [id=3924]
  0x0000000018dac000 WatcherThread [stack: 0x0000000019260000,0x0000000019360000] [id=8944]

VM state:not at safepoint (normal execution)

VM Mutex/Monitor currently owned by a thread: None

Heap:
 PSYoungGen      total 38400K, used 1996K [0x00000000d5b80000, 0x00000000d8600000, 0x0000000100000000)
  eden space 33280K, 6% used [0x00000000d5b80000,0x00000000d5d73360,0x00000000d7c00000)
  from space 5120K, 0% used [0x00000000d8100000,0x00000000d8100000,0x00000000d8600000)
  to   space 5120K, 0% used [0x00000000d7c00000,0x00000000d7c00000,0x00000000d8100000)
 ParOldGen       total 87552K, used 0K [0x0000000081200000, 0x0000000086780000, 0x00000000d5b80000)
  object space 87552K, 0% used [0x0000000081200000,0x0000000081200000,0x0000000086780000)
 Metaspace       used 2616K, capacity 4600K, committed 4864K, reserved 1056768K
  class space    used 292K, capacity 424K, committed 512K, reserved 1048576K

Card table byte_map: [0x00000000115c0000,0x00000000119c0000] byte_map_base: 0x00000000111b7000

Marking Bits: (ParMarkBitMap*) 0x0000000072252f70
 Begin Bits: [0x0000000012070000, 0x0000000014028000)
 End Bits:   [0x0000000014028000, 0x0000000015fe0000)

Polling page: 0x0000000001f20000

CodeCache: size=245760Kb used=1101Kb max_used=1101Kb free=244658Kb
 bounds [0x0000000002200000, 0x0000000002470000, 0x0000000011200000]
 total_blobs=251 nmethods=28 adapters=145
 compilation: enabled

Compilation events (10 events):
Event: 0.145 Thread 0x0000000016dad000   24       1       java.nio.Buffer::position (5 bytes)
Event: 0.145 Thread 0x0000000016dad000 nmethod 24 0x0000000002310c90 code [0x0000000002310de0, 0x0000000002310ef0]
Event: 0.145 Thread 0x0000000016dad000   25       1       java.nio.Buffer::limit (5 bytes)
Event: 0.145 Thread 0x0000000016dad000 nmethod 25 0x00000000023109d0 code [0x0000000002310b20, 0x0000000002310c30]
Event: 0.145 Thread 0x0000000016dad000   26       3       java.lang.String::startsWith (72 bytes)
Event: 0.145 Thread 0x0000000016dad000 nmethod 26 0x0000000002310350 code [0x00000000023104c0, 0x00000000023107f0]
Event: 0.146 Thread 0x0000000016dad000   27       3       java.lang.String::startsWith (7 bytes)
Event: 0.146 Thread 0x0000000016dad000 nmethod 27 0x00000000023130d0 code [0x0000000002313240, 0x0000000002313468]
Event: 0.146 Thread 0x0000000016dad000   28       3       java.lang.String::getChars (62 bytes)
Event: 0.146 Thread 0x0000000016dad000 nmethod 28 0x0000000002313510 code [0x00000000023136e0, 0x0000000002313b98]

GC Heap History (0 events):
No events

Deoptimization events (0 events):
No events

Internal exceptions (2 events):
Event: 0.037 Thread 0x0000000001fbe000 Exception <a 'java/lang/NoSuchMethodError': Method sun.misc.Unsafe.defineClass(Ljava/lang/String;[BII)Ljava/lang/Class; name or signature does not match> (0x00000000d5b87cc0) thrown at [C:\re\workspace\8-2-build-windows-amd64-cygwin\jdk8u91\6644\hotspot\sr±à¶*£?
Event: 0.037 Thread 0x0000000001fbe000 Exception <a 'java/lang/NoSuchMethodError': Method sun.misc.Unsafe.prefetchRead(Ljava/lang/Object;J)V name or signature does not match> (0x00000000d5b87fa8) thrown at [C:\re\workspace\8-2-build-windows-amd64-cygwin\jdk8u91\6644\hotspot\src\share\vm\prims\j

Events (10 events):
Event: 457.462 Executing VM operation: GetCurrentLocation
Event: 457.462 Executing VM operation: GetCurrentLocation done
Event: 457.462 Executing VM operation: EnterInterpOnlyMode
Event: 457.462 Executing VM operation: EnterInterpOnlyMode done
Event: 457.462 Executing VM operation: ChangeSingleStep
Event: 457.462 Executing VM operation: ChangeSingleStep done
Event: 457.462 Executing VM operation: ChangeSingleStep
Event: 457.469 Executing VM operation: ChangeSingleStep done
Event: 465.532 Executing VM operation: RedefineClasses
Event: 465.532 Executing VM operation: RedefineClasses done


Dynamic libraries:
0x00007ff65dd60000 - 0x00007ff65dd97000 	C:\Program Files\Java\jre1.8.0_91\bin\javaw.exe
0x00007ffb60550000 - 0x00007ffb60711000 	C:\Windows\SYSTEM32\ntdll.dll
0x00007ffb5d950000 - 0x00007ffb5d9fd000 	C:\Windows\system32\KERNEL32.DLL
0x00007ffb5d670000 - 0x00007ffb5d858000 	C:\Windows\system32\KERNELBASE.dll
0x00007ffb602a0000 - 0x00007ffb60347000 	C:\Windows\system32\ADVAPI32.dll
0x00007ffb5ddf0000 - 0x00007ffb5de8d000 	C:\Windows\system32\msvcrt.dll
0x00007ffb5dd90000 - 0x00007ffb5ddeb000 	C:\Windows\system32\sechost.dll
0x00007ffb5e000000 - 0x00007ffb5e11c000 	C:\Windows\system32\RPCRT4.dll
0x00007ffb60120000 - 0x00007ffb60276000 	C:\Windows\system32\USER32.dll
0x00007ffb5da00000 - 0x00007ffb5db86000 	C:\Windows\system32\GDI32.dll
0x00007ffb51630000 - 0x00007ffb518a4000 	C:\Windows\WinSxS\amd64_microsoft.windows.common-controls_6595b64144ccf1df_6.0.10586.0_none_8c15ae12515e1c22\COMCTL32.dll
0x00007ffb5e120000 - 0x00007ffb5e39d000 	C:\Windows\system32\combase.dll
0x00007ffb5d880000 - 0x00007ffb5d8ea000 	C:\Windows\system32\bcryptPrimitives.dll
0x00007ffb5dd40000 - 0x00007ffb5dd7b000 	C:\Windows\system32\IMM32.DLL
0x0000000072a20000 - 0x0000000072af2000 	C:\Program Files\Java\jre1.8.0_91\bin\msvcr100.dll
0x0000000071a40000 - 0x00000000722d3000 	C:\Program Files\Java\jre1.8.0_91\bin\server\jvm.dll
0x00007ffb5dd80000 - 0x00007ffb5dd88000 	C:\Windows\system32\PSAPI.DLL
0x00007ffb5a250000 - 0x00007ffb5a259000 	C:\Windows\SYSTEM32\WSOCK32.dll
0x00007ffb5adb0000 - 0x00007ffb5add3000 	C:\Windows\SYSTEM32\WINMM.dll
0x00007ffb60420000 - 0x00007ffb6048b000 	C:\Windows\system32\WS2_32.dll
0x00007ffb58b20000 - 0x00007ffb58b2a000 	C:\Windows\SYSTEM32\VERSION.dll
0x00007ffb5ad50000 - 0x00007ffb5ad7c000 	C:\Windows\SYSTEM32\WINMMBASE.dll
0x00007ffb5d560000 - 0x00007ffb5d5a3000 	C:\Windows\system32\cfgmgr32.dll
0x0000000072bc0000 - 0x0000000072bcf000 	C:\Program Files\Java\jre1.8.0_91\bin\verify.dll
0x0000000072b90000 - 0x0000000072bb9000 	C:\Program Files\Java\jre1.8.0_91\bin\java.dll
0x00000000729e0000 - 0x0000000072a15000 	C:\Program Files\Java\jre1.8.0_91\bin\jdwp.dll
0x00000000729d0000 - 0x00000000729d8000 	C:\Program Files\Java\jre1.8.0_91\bin\npt.dll
0x0000000072b70000 - 0x0000000072b86000 	C:\Program Files\Java\jre1.8.0_91\bin\zip.dll
0x00007ffb5e500000 - 0x00007ffb5fa5c000 	C:\Windows\system32\SHELL32.dll
0x00007ffb5cd40000 - 0x00007ffb5d384000 	C:\Windows\system32\windows.storage.dll
0x00007ffb60350000 - 0x00007ffb603a2000 	C:\Windows\system32\shlwapi.dll
0x00007ffb5cbd0000 - 0x00007ffb5cbdf000 	C:\Windows\system32\kernel.appcore.dll
0x00007ffb5d5b0000 - 0x00007ffb5d665000 	C:\Windows\system32\shcore.dll
0x00007ffb5cb80000 - 0x00007ffb5cbcb000 	C:\Windows\system32\powrprof.dll
0x00007ffb5cbe0000 - 0x00007ffb5cbf4000 	C:\Windows\system32\profapi.dll
0x00000000729c0000 - 0x00000000729c9000 	C:\Program Files\Java\jre1.8.0_91\bin\dt_socket.dll
0x00007ffb44ef0000 - 0x00007ffb44f06000 	C:\Windows\system32\napinsp.dll
0x00007ffb44f10000 - 0x00007ffb44f2a000 	C:\Windows\system32\pnrpnsp.dll
0x00007ffb5a7b0000 - 0x00007ffb5a7c8000 	C:\Windows\system32\NLAapi.dll
0x00007ffb5c310000 - 0x00007ffb5c36c000 	C:\Windows\System32\mswsock.dll
0x00007ffb5b4b0000 - 0x00007ffb5b55a000 	C:\Windows\SYSTEM32\DNSAPI.dll
0x00007ffb5dfe0000 - 0x00007ffb5dfe8000 	C:\Windows\system32\NSI.dll
0x00007ffb44f30000 - 0x00007ffb44f3d000 	C:\Windows\System32\winrnr.dll
0x00000000739a0000 - 0x00000000739c6000 	C:\Program Files\Bonjour\mdnsNSP.dll
0x00007ffb58b60000 - 0x00007ffb58b98000 	C:\Windows\SYSTEM32\Iphlpapi.DLL
0x00007ffb44f40000 - 0x00007ffb44f55000 	C:\Windows\System32\wshbth.dll
0x00007ffb58010000 - 0x00007ffb58077000 	C:\Windows\System32\fwpuclnt.dll
0x00007ffb5c9e0000 - 0x00007ffb5ca09000 	C:\Windows\SYSTEM32\bcrypt.dll
0x00007ffb4ee30000 - 0x00007ffb4ee3a000 	C:\Windows\System32\rasadhlp.dll
0x00007ffb59630000 - 0x00007ffb597bc000 	C:\Windows\SYSTEM32\dbghelp.dll

VM Arguments:
jvm_args: -agentlib:jdwp=transport=dt_socket,suspend=y,address=localhost:61236 -Dfile.encoding=Cp1252 
java_command: TestTheStack
java_class_path (initial): C:\Users\Blair Hagen\OneDrive\Union Documents\Data Structures\Projects\BlairHagen_Project7Postfix\bin;C:\Users\Blair Hagen\.p2\pool\plugins\org.junit_4.12.0.v201504281640\junit.jar;C:\Users\Blair Hagen\.p2\pool\plugins\org.hamcrest.core_1.3.0.v201303031735.jar
Launcher Type: SUN_STANDARD

Environment Variables:
PATH=C:/Program Files/Java/jre1.8.0_91/bin/server;C:/Program Files/Java/jre1.8.0_91/bin;C:/Program Files/Java/jre1.8.0_91/lib/amd64;C:\ProgramData\Oracle\Java\javapath;C:\Program Files (x86)\NVIDIA Corporation\PhysX\Common;C:\Windows\system32;C:\Windows;C:\Windows\System32\Wbem;C:\Windows\System32\WindowsPowerShell\v1.0\;c:\Program Files (x86)\Microsoft SQL Server\110\Tools\Binn\;c:\Program Files\Microsoft SQL Server\110\Tools\Binn\;c:\Program Files\Microsoft SQL Server\110\DTS\Binn\;C:\Program Files\Calibre2\;C:\Users\Blair Hagen\Desktop;
USERNAME=Blair Hagen
OS=Windows_NT
PROCESSOR_IDENTIFIER=Intel64 Family 6 Model 69 Stepping 1, GenuineIntel



---------------  S Y S T E M  ---------------

OS: Windows 10.0 , 64 bit Build 10586 (10.0.10586.0)

CPU:total 4 (2 cores per cpu, 2 threads per core) family 6 model 69 stepping 1, cmov, cx8, fxsr, mmx, sse, sse2, sse3, ssse3, sse4.1, sse4.2, popcnt, avx, avx2, aes, clmul, erms, lzcnt, ht, tsc, tscinvbit, bmi1, bmi2

Memory: 4k page, physical 8313072k(4810408k free), swap 9623792k(4709520k free)

vm_info: Java HotSpot(TM) 64-Bit Server VM (25.91-b14) for windows-amd64 JRE (1.8.0_91-b14), built on Apr  1 2016 00:58:32 by "java_re" with MS VC++ 10.0 (VS2010)

time: Sun May 15 14:35:05 2016
elapsed time: 465 seconds (0d 0h 7m 45s)

